# JRE version: Java(TM) SE Runtime Environment (17.0.11+7) (build 17.0.11+7-LTS-207)
# Java VM: Java HotSpot(TM) 64-Bit Server VM (17.0.11+7-LTS-207, mixed mode, emulated-client, sharing, tiered, compressed oops, compressed class ptrs, g1 gc, windows-amd64)
GC Precious Log:
 CPUs: 16 total, 16 available
 Memory: 16163M
 Large Page Support: Disabled
 NUMA Support: Disabled
 Compressed Oops: Enabled (Zero based)
 Heap Region Size: 2M
 Heap Min Capacity: 8M
 Heap Initial Capacity: 254M
 Heap Max Capacity: 4042M
 Pre-touch: Disabled
 Parallel Workers: 13
 Concurrent Workers: 3
 Concurrent Refinement Workers: 13
 Periodic GC: Disabled
Heap:
 garbage-first heap   total 264192K, used 96231K [0x0000000703600000, 0x0000000800000000)
  region size 2048K, 1 young (2048K), 1 survivors (2048K)
 Metaspace       used 81457K, committed 82176K, reserved 1179648K
  class space    used 12035K, committed 12352K, reserved 1048576K
GC Heap History (20 events):
Event: 6.297 GC heap after
{Heap after GC invocations=19 (full 0):
 garbage-first heap   total 110592K, used 48176K [0x0000000703600000, 0x0000000800000000)
  region size 2048K, 3 young (6144K), 3 survivors (6144K)
 Metaspace       used 73042K, committed 73792K, reserved 1114112K
  class space    used 10462K, committed 10816K, reserved 1048576K
}
Event: 6.610 GC heap before
{Heap before GC invocations=19 (full 0):
 garbage-first heap   total 110592K, used 85040K [0x0000000703600000, 0x0000000800000000)
  region size 2048K, 21 young (43008K), 3 survivors (6144K)
 Metaspace       used 76562K, committed 77248K, reserved 1179648K
  class space    used 10968K, committed 11264K, reserved 1048576K
}
Event: 6.615 GC heap after
{Heap after GC invocations=20 (full 0):
 garbage-first heap   total 110592K, used 51831K [0x0000000703600000, 0x0000000800000000)
  region size 2048K, 2 young (4096K), 2 survivors (4096K)
 Metaspace       used 76562K, committed 77248K, reserved 1179648K
  class space    used 10968K, committed 11264K, reserved 1048576K
}
Event: 6.795 GC heap before
{Heap before GC invocations=20 (full 0):
 garbage-first heap   total 110592K, used 86647K [0x0000000703600000, 0x0000000800000000)
  region size 2048K, 19 young (38912K), 2 survivors (4096K)
 Metaspace       used 78492K, committed 79232K, reserved 1179648K
  class space    used 11385K, committed 11712K, reserved 1048576K
}
Event: 6.798 GC heap after
{Heap after GC invocations=21 (full 0):
 garbage-first heap   total 110592K, used 54594K [0x0000000703600000, 0x0000000800000000)
  region size 2048K, 3 young (6144K), 3 survivors (6144K)
 Metaspace       used 78492K, committed 79232K, reserved 1179648K
  class space    used 11385K, committed 11712K, reserved 1048576K
}
Event: 6.848 GC heap before
{Heap before GC invocations=21 (full 0):
 garbage-first heap   total 110592K, used 87362K [0x0000000703600000, 0x0000000800000000)
  region size 2048K, 19 young (38912K), 3 survivors (6144K)
 Metaspace       used 78498K, committed 79232K, reserved 1179648K
  class space    used 11387K, committed 11712K, reserved 1048576K
}
Event: 6.853 GC heap after
{Heap after GC invocations=22 (full 0):
 garbage-first heap   total 110592K, used 59276K [0x0000000703600000, 0x0000000800000000)
  region size 2048K, 3 young (6144K), 3 survivors (6144K)
 Metaspace       used 78498K, committed 79232K, reserved 1179648K
  class space    used 11387K, committed 11712K, reserved 1048576K
}
Event: 6.890 GC heap before
{Heap before GC invocations=22 (full 0):
 garbage-first heap   total 110592K, used 83852K [0x0000000703600000, 0x0000000800000000)
  region size 2048K, 15 young (30720K), 3 survivors (6144K)
 Metaspace       used 78498K, committed 79232K, reserved 1179648K
  class space    used 11387K, committed 11712K, reserved 1048576K
}
Event: 6.892 GC heap after
{Heap after GC invocations=23 (full 0):
 garbage-first heap   total 143360K, used 54979K [0x0000000703600000, 0x0000000800000000)
  region size 2048K, 1 young (2048K), 1 survivors (2048K)
 Metaspace       used 78498K, committed 79232K, reserved 1179648K
  class space    used 11387K, committed 11712K, reserved 1048576K
}
Event: 7.062 GC heap before
{Heap before GC invocations=24 (full 0):
 garbage-first heap   total 143360K, used 112323K [0x0000000703600000, 0x0000000800000000)
  region size 2048K, 29 young (59392K), 1 survivors (2048K)
 Metaspace       used 79858K, committed 80576K, reserved 1179648K
  class space    used 11762K, committed 12096K, reserved 1048576K
}
Event: 7.064 GC heap after
{Heap after GC invocations=25 (full 0):
 garbage-first heap   total 143360K, used 56134K [0x0000000703600000, 0x0000000800000000)
  region size 2048K, 2 young (4096K), 2 survivors (4096K)
 Metaspace       used 79858K, committed 80576K, reserved 1179648K
  class space    used 11762K, committed 12096K, reserved 1048576K
}
Event: 7.136 GC heap before
{Heap before GC invocations=25 (full 0):
 garbage-first heap   total 143360K, used 113478K [0x0000000703600000, 0x0000000800000000)
  region size 2048K, 30 young (61440K), 2 survivors (4096K)
 Metaspace       used 79865K, committed 80576K, reserved 1179648K
  class space    used 11762K, committed 12096K, reserved 1048576K
}
Event: 7.138 GC heap after
{Heap after GC invocations=26 (full 0):
 garbage-first heap   total 143360K, used 57840K [0x0000000703600000, 0x0000000800000000)
  region size 2048K, 2 young (4096K), 2 survivors (4096K)
 Metaspace       used 79865K, committed 80576K, reserved 1179648K
  class space    used 11762K, committed 12096K, reserved 1048576K
}
Event: 7.220 GC heap before
{Heap before GC invocations=26 (full 0):
 garbage-first heap   total 143360K, used 117232K [0x0000000703600000, 0x0000000800000000)
  region size 2048K, 31 young (63488K), 2 survivors (4096K)
 Metaspace       used 79865K, committed 80576K, reserved 1179648K
  class space    used 11762K, committed 12096K, reserved 1048576K
}
Event: 7.232 GC heap after
{Heap after GC invocations=27 (full 0):
 garbage-first heap   total 147456K, used 81751K [0x0000000703600000, 0x0000000800000000)
  region size 2048K, 4 young (8192K), 4 survivors (8192K)
 Metaspace       used 79865K, committed 80576K, reserved 1179648K
  class space    used 11762K, committed 12096K, reserved 1048576K
}
Event: 7.272 GC heap before
{Heap before GC invocations=27 (full 0):
 garbage-first heap   total 147456K, used 110423K [0x0000000703600000, 0x0000000800000000)
  region size 2048K, 18 young (36864K), 4 survivors (8192K)
 Metaspace       used 79865K, committed 80576K, reserved 1179648K
  class space    used 11762K, committed 12096K, reserved 1048576K
}
Event: 7.280 GC heap after
{Heap after GC invocations=28 (full 0):
 garbage-first heap   total 147456K, used 93799K [0x0000000703600000, 0x0000000800000000)
  region size 2048K, 3 young (6144K), 3 survivors (6144K)
 Metaspace       used 79865K, committed 80576K, reserved 1179648K
  class space    used 11762K, committed 12096K, reserved 1048576K
}
Event: 7.389 GC heap before
{Heap before GC invocations=29 (full 0):
 garbage-first heap   total 178176K, used 114279K [0x0000000703600000, 0x0000000800000000)
  region size 2048K, 13 young (26624K), 3 survivors (6144K)
 Metaspace       used 81456K, committed 82176K, reserved 1179648K
  class space    used 12035K, committed 12352K, reserved 1048576K
}
Event: 7.394 GC heap after
{Heap after GC invocations=30 (full 0):
 garbage-first heap   total 178176K, used 96685K [0x0000000703600000, 0x0000000800000000)
  region size 2048K, 1 young (2048K), 1 survivors (2048K)
 Metaspace       used 81456K, committed 82176K, reserved 1179648K
  class space    used 12035K, committed 12352K, reserved 1048576K
}
Event: 7.401 GC heap before
{Heap before GC invocations=30 (full 0):
 garbage-first heap   total 178176K, used 102829K [0x0000000703600000, 0x0000000800000000)
  region size 2048K, 4 young (8192K), 1 survivors (2048K)
 Metaspace       used 81457K, committed 82176K, reserved 1179648K
  class space    used 12035K, committed 12352K, reserved 1048576K
}

