# JRE version: Java(TM) SE Runtime Environment (17.0.11+7) (build 17.0.11+7-LTS-207)
# Java VM: Java HotSpot(TM) 64-Bit Server VM (17.0.11+7-LTS-207, mixed mode, emulated-client, sharing, tiered, compressed oops, compressed class ptrs, g1 gc, windows-amd64)
GC Precious Log:
 CPUs: 16 total, 16 available
 Memory: 16163M
 Large Page Support: Disabled
 NUMA Support: Disabled
 Compressed Oops: Enabled (Zero based)
 Heap Region Size: 2M
 Heap Min Capacity: 8M
 Heap Initial Capacity: 254M
 Heap Max Capacity: 4042M
 Pre-touch: Disabled
 Parallel Workers: 13
 Concurrent Workers: 3
 Concurrent Refinement Workers: 13
 Periodic GC: Disabled
Heap:
 garbage-first heap   total 260096K, used 84818K [0x0000000703600000, 0x0000000800000000)
  region size 2048K, 2 young (4096K), 2 survivors (4096K)
 Metaspace       used 79990K, committed 80640K, reserved 1179648K
  class space    used 11752K, committed 12096K, reserved 1048576K
GC Heap History (20 events):
Event: 3.896 GC heap after
{Heap after GC invocations=12 (full 0):
 garbage-first heap   total 110592K, used 32344K [0x0000000703600000, 0x0000000800000000)
  region size 2048K, 4 young (8192K), 4 survivors (8192K)
 Metaspace       used 41120K, committed 41600K, reserved 1114112K
  class space    used 5755K, committed 6016K, reserved 1048576K
}
Event: 4.395 GC heap before
{Heap before GC invocations=12 (full 0):
 garbage-first heap   total 110592K, used 83544K [0x0000000703600000, 0x0000000800000000)
  region size 2048K, 29 young (59392K), 4 survivors (8192K)
 Metaspace       used 47942K, committed 48512K, reserved 1114112K
  class space    used 6852K, committed 7104K, reserved 1048576K
}
Event: 4.401 GC heap after
{Heap after GC invocations=13 (full 0):
 garbage-first heap   total 110592K, used 34595K [0x0000000703600000, 0x0000000800000000)
  region size 2048K, 3 young (6144K), 3 survivors (6144K)
 Metaspace       used 47942K, committed 48512K, reserved 1114112K
  class space    used 6852K, committed 7104K, reserved 1048576K
}
Event: 5.115 GC heap before
{Heap before GC invocations=13 (full 0):
 garbage-first heap   total 110592K, used 81699K [0x0000000703600000, 0x0000000800000000)
  region size 2048K, 27 young (55296K), 3 survivors (6144K)
 Metaspace       used 60009K, committed 60480K, reserved 1114112K
  class space    used 8417K, committed 8640K, reserved 1048576K
}
Event: 5.120 GC heap after
{Heap after GC invocations=14 (full 0):
 garbage-first heap   total 110592K, used 39032K [0x0000000703600000, 0x0000000800000000)
  region size 2048K, 4 young (8192K), 4 survivors (8192K)
 Metaspace       used 60009K, committed 60480K, reserved 1114112K
  class space    used 8417K, committed 8640K, reserved 1048576K
}
Event: 5.634 GC heap before
{Heap before GC invocations=15 (full 0):
 garbage-first heap   total 110592K, used 82040K [0x0000000703600000, 0x0000000800000000)
  region size 2048K, 26 young (53248K), 4 survivors (8192K)
 Metaspace       used 67836K, committed 68416K, reserved 1114112K
  class space    used 9696K, committed 9984K, reserved 1048576K
}
Event: 5.639 GC heap after
{Heap after GC invocations=16 (full 0):
 garbage-first heap   total 110592K, used 40837K [0x0000000703600000, 0x0000000800000000)
  region size 2048K, 2 young (4096K), 2 survivors (4096K)
 Metaspace       used 67836K, committed 68416K, reserved 1114112K
  class space    used 9696K, committed 9984K, reserved 1048576K
}
Event: 5.858 GC heap before
{Heap before GC invocations=17 (full 0):
 garbage-first heap   total 110592K, used 85893K [0x0000000703600000, 0x0000000800000000)
  region size 2048K, 24 young (49152K), 2 survivors (4096K)
 Metaspace       used 68169K, committed 68736K, reserved 1114112K
  class space    used 9742K, committed 9984K, reserved 1048576K
}
Event: 5.861 GC heap after
{Heap after GC invocations=18 (full 0):
 garbage-first heap   total 110592K, used 41175K [0x0000000703600000, 0x0000000800000000)
  region size 2048K, 2 young (4096K), 2 survivors (4096K)
 Metaspace       used 68169K, committed 68736K, reserved 1114112K
  class space    used 9742K, committed 9984K, reserved 1048576K
}
Event: 6.477 GC heap before
{Heap before GC invocations=18 (full 0):
 garbage-first heap   total 110592K, used 88279K [0x0000000703600000, 0x0000000800000000)
  region size 2048K, 25 young (51200K), 2 survivors (4096K)
 Metaspace       used 72907K, committed 73536K, reserved 1114112K
  class space    used 10466K, committed 10752K, reserved 1048576K
}
Event: 6.481 GC heap after
{Heap after GC invocations=19 (full 0):
 garbage-first heap   total 133120K, used 46573K [0x0000000703600000, 0x0000000800000000)
  region size 2048K, 4 young (8192K), 4 survivors (8192K)
 Metaspace       used 72907K, committed 73536K, reserved 1114112K
  class space    used 10466K, committed 10752K, reserved 1048576K
}
Event: 6.994 GC heap before
{Heap before GC invocations=19 (full 0):
 garbage-first heap   total 133120K, used 103917K [0x0000000703600000, 0x0000000800000000)
  region size 2048K, 32 young (65536K), 4 survivors (8192K)
 Metaspace       used 78201K, committed 78848K, reserved 1179648K
  class space    used 11370K, committed 11712K, reserved 1048576K
}
Event: 7.000 GC heap after
{Heap after GC invocations=20 (full 0):
 garbage-first heap   total 133120K, used 51260K [0x0000000703600000, 0x0000000800000000)
  region size 2048K, 3 young (6144K), 3 survivors (6144K)
 Metaspace       used 78201K, committed 78848K, reserved 1179648K
  class space    used 11370K, committed 11712K, reserved 1048576K
}
Event: 7.096 GC heap before
{Heap before GC invocations=20 (full 0):
 garbage-first heap   total 133120K, used 104508K [0x0000000703600000, 0x0000000800000000)
  region size 2048K, 29 young (59392K), 3 survivors (6144K)
 Metaspace       used 78238K, committed 78912K, reserved 1179648K
  class space    used 11376K, committed 11712K, reserved 1048576K
}
Event: 7.102 GC heap after
{Heap after GC invocations=21 (full 0):
 garbage-first heap   total 133120K, used 60528K [0x0000000703600000, 0x0000000800000000)
  region size 2048K, 4 young (8192K), 4 survivors (8192K)
 Metaspace       used 78238K, committed 78912K, reserved 1179648K
  class space    used 11376K, committed 11712K, reserved 1048576K
}
Event: 7.226 GC heap before
{Heap before GC invocations=21 (full 0):
 garbage-first heap   total 133120K, used 99440K [0x0000000703600000, 0x0000000800000000)
  region size 2048K, 23 young (47104K), 4 survivors (8192K)
 Metaspace       used 79982K, committed 80640K, reserved 1179648K
  class space    used 11752K, committed 12096K, reserved 1048576K
}
Event: 7.231 GC heap after
{Heap after GC invocations=22 (full 0):
 garbage-first heap   total 133120K, used 67000K [0x0000000703600000, 0x0000000800000000)
  region size 2048K, 3 young (6144K), 3 survivors (6144K)
 Metaspace       used 79982K, committed 80640K, reserved 1179648K
  class space    used 11752K, committed 12096K, reserved 1048576K
}
Event: 7.275 GC heap before
{Heap before GC invocations=22 (full 0):
 garbage-first heap   total 133120K, used 99768K [0x0000000703600000, 0x0000000800000000)
  region size 2048K, 19 young (38912K), 3 survivors (6144K)
 Metaspace       used 79984K, committed 80640K, reserved 1179648K
  class space    used 11752K, committed 12096K, reserved 1048576K
}
Event: 7.283 GC heap after
{Heap after GC invocations=23 (full 0):
 garbage-first heap   total 133120K, used 79178K [0x0000000703600000, 0x0000000800000000)
  region size 2048K, 3 young (6144K), 3 survivors (6144K)
 Metaspace       used 79984K, committed 80640K, reserved 1179648K
  class space    used 11752K, committed 12096K, reserved 1048576K
}
Event: 7.321 GC heap before
{Heap before GC invocations=23 (full 0):
 garbage-first heap   total 172032K, used 101706K [0x0000000703600000, 0x0000000800000000)
  region size 2048K, 14 young (28672K), 3 survivors (6144K)
 Metaspace       used 79990K, committed 80640K, reserved 1179648K
  class space    used 11752K, committed 12096K, reserved 1048576K
}

